

Started GET "/login" for 127.0.0.1 at 2012-11-17 18:15:32 -0500
Processing by SessionsController#new as HTML
  Rendered sessions/new.html.erb within layouts/application (77.0ms)
Completed 500 Internal Server Error in 540ms

ActionView::Template::Error (cannot load such file -- less
  (in C:/1Projects/upsell360/twitterad/app/assets/stylesheets/imports.css.less)):
    2: <html lang="en">
    3: <head>
    4:   <title>Shopify Demo App</title>
    5:   <%= stylesheet_link_tag 'application' %>
    6:   <%= javascript_include_tag 'application' %>
    7:   <%= csrf_meta_tags %>
    8:   
  app/views/layouts/application.html.erb:5:in `_app_views_layouts_application_html_erb__998135349_47306628'


  Rendered C:/Ruby193/lib/ruby/gems/1.9.1/gems/actionpack-3.2.3/lib/action_dispatch/middleware/templates/rescues/_trace.erb (8.0ms)
  Rendered C:/Ruby193/lib/ruby/gems/1.9.1/gems/actionpack-3.2.3/lib/action_dispatch/middleware/templates/rescues/_request_and_response.erb (2.0ms)
  Rendered C:/Ruby193/lib/ruby/gems/1.9.1/gems/actionpack-3.2.3/lib/action_dispatch/middleware/templates/rescues/template_error.erb within rescues/layout (107.0ms)


Started GET "/login" for 127.0.0.1 at 2012-11-17 18:17:18 -0500
Processing by SessionsController#new as HTML
  Rendered sessions/new.html.erb within layouts/application (64.0ms)
Completed 500 Internal Server Error in 438ms

ActionView::Template::Error (cannot load such file -- less
  (in C:/1Projects/upsell360/twitterad/app/assets/stylesheets/imports.css.less)):
    2: <html lang="en">
    3: <head>
    4:   <title>Shopify Demo App</title>
    5:   <%= stylesheet_link_tag 'application' %>
    6:   <%= javascript_include_tag 'application' %>
    7:   <%= csrf_meta_tags %>
    8:   
  app/views/layouts/application.html.erb:5:in `_app_views_layouts_application_html_erb__648288998_46105560'


  Rendered C:/Ruby193/lib/ruby/gems/1.9.1/gems/actionpack-3.2.3/lib/action_dispatch/middleware/templates/rescues/_trace.erb (31.0ms)
  Rendered C:/Ruby193/lib/ruby/gems/1.9.1/gems/actionpack-3.2.3/lib/action_dispatch/middleware/templates/rescues/_request_and_response.erb (2.0ms)
  Rendered C:/Ruby193/lib/ruby/gems/1.9.1/gems/actionpack-3.2.3/lib/action_dispatch/middleware/templates/rescues/template_error.erb within rescues/layout (96.0ms)


Started GET "/login" for 127.0.0.1 at 2012-11-17 18:18:57 -0500
Processing by SessionsController#new as HTML
  Rendered sessions/new.html.erb within layouts/application (62.0ms)
Compiled imports.css  (0ms)  (pid 9048)
Completed 500 Internal Server Error in 497ms

ActionView::Template::Error (cannot load such file -- less
  (in C:/1Projects/upsell360/twitterad/app/assets/stylesheets/shopify_app_buttons.css.less)):
    2: <html lang="en">
    3: <head>
    4:   <title>Shopify Demo App</title>
    5:   <%= stylesheet_link_tag 'application' %>
    6:   <%= javascript_include_tag 'application' %>
    7:   <%= csrf_meta_tags %>
    8:   
  app/views/layouts/application.html.erb:5:in `_app_views_layouts_application_html_erb__569772946_48657120'


  Rendered C:/Ruby193/lib/ruby/gems/1.9.1/gems/actionpack-3.2.3/lib/action_dispatch/middleware/templates/rescues/_trace.erb (8.0ms)
  Rendered C:/Ruby193/lib/ruby/gems/1.9.1/gems/actionpack-3.2.3/lib/action_dispatch/middleware/templates/rescues/_request_and_response.erb (1.0ms)
  Rendered C:/Ruby193/lib/ruby/gems/1.9.1/gems/actionpack-3.2.3/lib/action_dispatch/middleware/templates/rescues/template_error.erb within rescues/layout (95.0ms)
